Connecting to database specified by database.yml
Compiled jquery.js  (3ms)  (pid 30483)
Compiled jquery_ujs.js  (0ms)  (pid 30483)
Compiled angular.js  (8ms)  (pid 30483)
Compiled templates/modals/account.js  (3ms)  (pid 30483)
Compiled templates/modals/add_contributor.js  (0ms)  (pid 30483)
Compiled templates/modals/add_filter.js  (0ms)  (pid 30483)
Compiled templates/modals/add_label.js  (1ms)  (pid 30483)
Compiled templates/modals/edit_board.js  (0ms)  (pid 30483)
Compiled templates/modals/help.js  (0ms)  (pid 30483)
Compiled templates/navbar/navbar.js  (1ms)  (pid 30483)
Compiled templates/ngTagsInput/autocomplete.js  (0ms)  (pid 30483)
Compiled templates/ngTagsInput/tags-input.js  (0ms)  (pid 30483)
Compiled templates/sidebar/compose.js  (0ms)  (pid 30483)
Compiled templates/sidebar/sidebar.js  (2ms)  (pid 30483)
Compiled templates/sidebar/view.js  (0ms)  (pid 30483)
Compiled templates/workspace/label_column.js  (2ms)  (pid 30483)
Compiled templates/workspace/workspace.js  (0ms)  (pid 30483)
Compiled app/app.js  (0ms)  (pid 30483)
Compiled email.css  (671ms)  (pid 30483)
Compiled app/common/directives/directives.js  (682ms)  (pid 30483)
Compiled app/common/resources/labels.js  (0ms)  (pid 30483)
Compiled app/common/resources/state.js  (0ms)  (pid 30483)
Compiled app/common/resources/threads.js  (0ms)  (pid 30483)
Compiled app/modals/modals.js  (0ms)  (pid 30483)
Compiled app/navbar/navbar.js  (0ms)  (pid 30483)
Compiled app/sidebar/sidebar.js  (0ms)  (pid 30483)
Compiled app/third-party/angular-moment.js  (0ms)  (pid 30483)
Compiled app/third-party/angular-resource.js  (0ms)  (pid 30483)
Compiled app/third-party/bootstrap-modal.js  (0ms)  (pid 30483)
Compiled app/third-party/bootstrap.min.js  (0ms)  (pid 30483)
Compiled app/third-party/contenteditable.js  (0ms)  (pid 30483)
Compiled app/third-party/hotkeys.js  (0ms)  (pid 30483)
Compiled app/third-party/jquery-ui.js  (2ms)  (pid 30483)
Compiled app/third-party/lodash.js  (2ms)  (pid 30483)
Compiled app/third-party/moment.min.js  (0ms)  (pid 30483)
Compiled app/third-party/restangular.js  (0ms)  (pid 30483)
Compiled app/third-party/tags-input.js  (0ms)  (pid 30483)
Compiled app/third-party/ui-bootstrap.js  (1ms)  (pid 30483)
Compiled app/third-party/ui-bootstrap.min.js  (0ms)  (pid 30483)
Compiled app/third-party/ui-router.js  (1ms)  (pid 30483)
Compiled app/third-party/ui-sortable.js  (0ms)  (pid 30483)
Compiled app/workspace/workspace.js  (0ms)  (pid 30483)
Compiled application.js  (851ms)  (pid 30483)
Compiled jquery.js  (3ms)  (pid 30483)
Compiled jquery_ujs.js  (0ms)  (pid 30483)
Compiled angular.js  (8ms)  (pid 30483)
Compiled templates/modals/account.js  (6ms)  (pid 30483)
Compiled templates/modals/add_contributor.js  (0ms)  (pid 30483)
Compiled templates/modals/add_filter.js  (0ms)  (pid 30483)
Compiled templates/modals/add_label.js  (0ms)  (pid 30483)
Compiled templates/modals/edit_board.js  (0ms)  (pid 30483)
Compiled templates/modals/help.js  (0ms)  (pid 30483)
Compiled templates/navbar/navbar.js  (1ms)  (pid 30483)
Compiled templates/ngTagsInput/autocomplete.js  (0ms)  (pid 30483)
Compiled templates/ngTagsInput/tags-input.js  (0ms)  (pid 30483)
Compiled templates/sidebar/compose.js  (0ms)  (pid 30483)
Compiled templates/sidebar/sidebar.js  (2ms)  (pid 30483)
Compiled templates/sidebar/view.js  (0ms)  (pid 30483)
Compiled templates/workspace/label_column.js  (2ms)  (pid 30483)
Compiled templates/workspace/workspace.js  (0ms)  (pid 30483)
Compiled app/app.js  (0ms)  (pid 30483)
Compiled app/common/directives/directives.js  (2ms)  (pid 30483)
Compiled app/common/resources/labels.js  (0ms)  (pid 30483)
Compiled app/common/resources/state.js  (0ms)  (pid 30483)
Compiled app/common/resources/threads.js  (0ms)  (pid 30483)
Compiled app/modals/modals.js  (0ms)  (pid 30483)
Compiled app/navbar/navbar.js  (0ms)  (pid 30483)
Compiled app/sidebar/sidebar.js  (4ms)  (pid 30483)
Compiled app/third-party/angular-moment.js  (0ms)  (pid 30483)
Compiled app/third-party/angular-resource.js  (0ms)  (pid 30483)
Compiled app/third-party/bootstrap-modal.js  (0ms)  (pid 30483)
Compiled app/third-party/bootstrap.min.js  (0ms)  (pid 30483)
Compiled app/third-party/contenteditable.js  (0ms)  (pid 30483)
Compiled app/third-party/hotkeys.js  (0ms)  (pid 30483)
Compiled app/third-party/jquery-ui.js  (2ms)  (pid 30483)
Compiled app/third-party/lodash.js  (3ms)  (pid 30483)
Compiled app/third-party/moment.min.js  (0ms)  (pid 30483)
Compiled app/third-party/restangular.js  (1ms)  (pid 30483)
Compiled app/third-party/tags-input.js  (0ms)  (pid 30483)
Compiled app/third-party/ui-bootstrap.js  (1ms)  (pid 30483)
Compiled app/third-party/ui-bootstrap.min.js  (0ms)  (pid 30483)
Compiled app/third-party/ui-router.js  (1ms)  (pid 30483)
Compiled app/third-party/ui-sortable.js  (0ms)  (pid 30483)
Compiled app/workspace/workspace.js  (0ms)  (pid 30483)
Compiled application.js  (174ms)  (pid 30483)
